<?xml version="1.0" encoding="UTF-8"?>
<!-- Generated by org.testng.reporters.JUnitReportReporter -->
<testsuite hostname="PC_KANHAIYA" failures="0" tests="4" name="com.qa.opencart.tests.LoginPageTest" time="1.712" errors="0" timestamp="22 Sep 2025 10:49:38 GMT" skipped="0">
  <testcase classname="com.qa.opencart.tests.LoginPageTest" name="loginPageTitleTest" time="0.059"/>
  <testcase classname="com.qa.opencart.tests.LoginPageTest" name="loginPageURLTest" time="0.164"/>
  <testcase classname="com.qa.opencart.tests.LoginPageTest" name="isForgotPwdLinkExistTest" time="0.204"/>
  <testcase classname="com.qa.opencart.tests.LoginPageTest" name="loginTest" time="1.285"/>
</testsuite> <!-- com.qa.opencart.tests.LoginPageTest -->
