<?xml version="1.0" encoding="UTF-8"?>
<!-- Generated by org.testng.reporters.JUnitReportReporter -->
<testsuite hostname="PC_KANHAIYA" failures="0" tests="1" name="com.qa.opencart.tests.ProductInfoTest" time="2.383" errors="0" timestamp="14 Sep 2025 12:09:06 GMT" skipped="0">
  <testcase classname="com.qa.opencart.tests.ProductInfoTest" name="productInfoTest" time="2.383"/>
</testsuite> <!-- com.qa.opencart.tests.ProductInfoTest -->
