<?xml version="1.0" encoding="UTF-8"?>
<!-- Generated by org.testng.reporters.JUnitReportReporter -->
<testsuite hostname="PC_KANHAIYA" failures="0" tests="7" name="com.qa.opencart.tests.AccountsPageTest" time="4.122" errors="0" timestamp="22 Sep 2025 10:49:38 GMT" skipped="0">
  <testcase classname="com.qa.opencart.tests.AccountsPageTest" name="logoutLinkExistTest" time="0.156"/>
  <testcase classname="com.qa.opencart.tests.AccountsPageTest" name="searchTest" time="1.080"/>
  <testcase classname="com.qa.opencart.tests.AccountsPageTest" name="accPageHeadersCountTest" time="0.770"/>
  <testcase classname="com.qa.opencart.tests.AccountsPageTest" name="accPageHeadersTest" time="0.113"/>
  <testcase classname="com.qa.opencart.tests.AccountsPageTest" name="searchTest" time="0.896"/>
  <testcase classname="com.qa.opencart.tests.AccountsPageTest" name="accPageTitleTest" time="0.017"/>
  <testcase classname="com.qa.opencart.tests.AccountsPageTest" name="searchTest" time="1.090"/>
</testsuite> <!-- com.qa.opencart.tests.AccountsPageTest -->
