<?xml version="1.0" encoding="UTF-8"?>
<!-- Generated by org.testng.reporters.JUnitReportReporter -->
<testsuite hostname="PC_KANHAIYA" failures="0" tests="4" name="com.qa.opencart.tests.RegisterPageTest" time="9.497" errors="0" timestamp="15 Sep 2025 05:22:28 GMT" skipped="0">
  <testcase classname="com.qa.opencart.tests.RegisterPageTest" name="userRegisterTest" time="2.587"/>
  <testcase classname="com.qa.opencart.tests.RegisterPageTest" name="userRegisterTest" time="2.098"/>
  <testcase classname="com.qa.opencart.tests.RegisterPageTest" name="userRegisterTest" time="2.405"/>
  <testcase classname="com.qa.opencart.tests.RegisterPageTest" name="userRegisterTest" time="2.407"/>
</testsuite> <!-- com.qa.opencart.tests.RegisterPageTest -->
